[debug] [2026-02-17T06:31:46.324Z] ----------------------------------------------------------------------
[debug] [2026-02-17T06:31:46.326Z] Command:       C:\Program Files\nodejs\node.exe C:\Users\youni\AppData\Roaming\npm\node_modules\firebase-tools\lib\bin\firebase.js init hosting
[debug] [2026-02-17T06:31:46.327Z] CLI Version:   15.6.0
[debug] [2026-02-17T06:31:46.327Z] Platform:      win32
[debug] [2026-02-17T06:31:46.327Z] Node Version:  v24.13.0
[debug] [2026-02-17T06:31:46.327Z] Time:          Tue Feb 17 2026 09:31:46 GMT+0300 (Arabian Standard Time)
[debug] [2026-02-17T06:31:46.327Z] ----------------------------------------------------------------------
[debug] 
[info] 
     ######## #### ########  ######## ########     ###     ######  ########
     ##        ##  ##     ## ##       ##     ##  ##   ##  ##       ##
     ######    ##  ########  ######   ########  #########  ######  ######
     ##        ##  ##    ##  ##       ##     ## ##     ##       ## ##
     ##       #### ##     ## ######## ########  ##     ##  ######  ########

You're about to initialize a Firebase project in this directory:

  C:\Users\youni\Documents\GitHub\Inventory

Before we get started, keep in mind:

  * You are initializing within an existing Firebase project directory

[info] 
=== Project Setup
[info] 
[info] First, let's associate this project directory with a Firebase project.
[info] You can create multiple project aliases by running firebase use --add, 
[info] 
[debug] [2026-02-17T06:32:02.622Z] > command requires scopes: ["email","openid","https://www.googleapis.com/auth/cloudplatformprojects.readonly","https://www.googleapis.com/auth/firebase","https://www.googleapis.com/auth/cloud-platform"]
[debug] [2026-02-17T06:32:02.622Z] > authorizing via signed-in user (younis.only2@gmail.com)
[debug] [2026-02-17T06:32:02.623Z] Checked if tokens are valid: true, expires at: 1771313015806
[debug] [2026-02-17T06:32:02.624Z] Checked if tokens are valid: true, expires at: 1771313015806
[debug] [2026-02-17T06:32:02.624Z] >>> [apiv2][query] GET https://firebase.googleapis.com/v1beta1/projects/test-inventory-stoe [none]
[debug] [2026-02-17T06:32:03.270Z] <<< [apiv2][status] GET https://firebase.googleapis.com/v1beta1/projects/test-inventory-stoe 200
[debug] [2026-02-17T06:32:03.270Z] <<< [apiv2][body] GET https://firebase.googleapis.com/v1beta1/projects/test-inventory-stoe {"projectId":"test-inventory-stoe","projectNumber":"1081430501971","displayName":"Inventory Store","name":"projects/test-inventory-stoe","resources":{"hostingSite":"test-inventory-stoe"},"state":"ACTIVE","etag":"1_2b0b19dd-8776-4a9b-9ea8-7622a90ef12e"}
[info] i  Using project test-inventory-stoe (Inventory Store) . 
[info] 
=== Hosting Setup
[debug] [2026-02-17T06:32:03.278Z] Checked if tokens are valid: true, expires at: 1771313015806
[debug] [2026-02-17T06:32:03.278Z] Checked if tokens are valid: true, expires at: 1771313015806
[debug] [2026-02-17T06:32:03.278Z] >>> [apiv2][query] GET https://firebase.googleapis.com/v1beta1/projects/test-inventory-stoe [none]
[debug] [2026-02-17T06:32:03.558Z] <<< [apiv2][status] GET https://firebase.googleapis.com/v1beta1/projects/test-inventory-stoe 200
[debug] [2026-02-17T06:32:03.558Z] <<< [apiv2][body] GET https://firebase.googleapis.com/v1beta1/projects/test-inventory-stoe {"projectId":"test-inventory-stoe","projectNumber":"1081430501971","displayName":"Inventory Store","name":"projects/test-inventory-stoe","resources":{"hostingSite":"test-inventory-stoe"},"state":"ACTIVE","etag":"1_2b0b19dd-8776-4a9b-9ea8-7622a90ef12e"}
[info] 
[info] Your public directory is the folder (relative to your project directory) that
[info] will contain Hosting assets to be uploaded with firebase deploy. If you
[info] have a build process for your assets, use your build's output directory.
[info] 
[info] 
[info] i  Detected a .git folder at C:\Users\youni\Documents\GitHub\Inventory 
[info] i  Authorizing with GitHub to upload your service account to a GitHub repository's secrets store. 
[info] 
[info] Visit this URL on this device to log in:
[info] https://github.com/login/oauth/authorize?client_id=89cf50f02ac6aaed3484&state=478135697&redirect_uri=http%3A%2F%2Flocalhost%3A9005&scope=read%3Auser%20repo%20public_repo
[info] 
[info] Waiting for authentication...
